c:\users\anihy\source\repos\cmd_game_client\formattertext\x64\debug\vc142.pdb
c:\users\anihy\source\repos\cmd_game_client\formattertext\x64\debug\formattertext.obj
c:\users\anihy\source\repos\cmd_game_client\formattertext\x64\debug\assemblyinfo.obj
c:\users\anihy\source\repos\cmd_game_client\formattertext\x64\debug\.netframework,version=v4.6.1.assemblyattributes.obj
c:\users\anihy\source\repos\cmd_game_client\formattertext\x64\debug\.netframework,version=v4.6.1.assemblyattributes.asm
c:\users\anihy\source\repos\cmd_game_client\x64\debug\formattertext.dll
c:\users\anihy\source\repos\cmd_game_client\x64\debug\formattertext.pdb
c:\users\anihy\source\repos\cmd_game_client\formattertext\x64\debug\app.res
c:\users\anihy\source\repos\cmd_game_client\formattertext\x64\debug\formattertext.vcxprojassemblyreference.cache
c:\users\anihy\source\repos\cmd_game_client\formattertext\x64\debug\formattertext.tlog\cl.command.1.tlog
c:\users\anihy\source\repos\cmd_game_client\formattertext\x64\debug\formattertext.tlog\cl.read.1.tlog
c:\users\anihy\source\repos\cmd_game_client\formattertext\x64\debug\formattertext.tlog\cl.write.1.tlog
c:\users\anihy\source\repos\cmd_game_client\formattertext\x64\debug\formattertext.tlog\link.23164.delete.1.tlog
c:\users\anihy\source\repos\cmd_game_client\formattertext\x64\debug\formattertext.tlog\link.command.1.tlog
c:\users\anihy\source\repos\cmd_game_client\formattertext\x64\debug\formattertext.tlog\link.read.1.tlog
c:\users\anihy\source\repos\cmd_game_client\formattertext\x64\debug\formattertext.tlog\link.write.1.tlog
c:\users\anihy\source\repos\cmd_game_client\formattertext\x64\debug\formattertext.tlog\metagen.read.1.tlog
c:\users\anihy\source\repos\cmd_game_client\formattertext\x64\debug\formattertext.tlog\metagen.write.1.tlog
c:\users\anihy\source\repos\cmd_game_client\formattertext\x64\debug\formattertext.tlog\rc.command.1.tlog
c:\users\anihy\source\repos\cmd_game_client\formattertext\x64\debug\formattertext.tlog\rc.read.1.tlog
c:\users\anihy\source\repos\cmd_game_client\formattertext\x64\debug\formattertext.tlog\rc.write.1.tlog
