c:\users\anihy\source\repos\cmd_game_client\gameserver\x64\debug\vc142.pdb
c:\users\anihy\source\repos\cmd_game_client\gameserver\x64\debug\myform.obj
c:\users\anihy\source\repos\cmd_game_client\gameserver\x64\debug\.netframework,version=v4.6.1.assemblyattributes.obj
c:\users\anihy\source\repos\cmd_game_client\gameserver\x64\debug\.netframework,version=v4.6.1.assemblyattributes.asm
c:\users\anihy\source\repos\cmd_game_client\gameserver\x64\debug\consoleapplication3.myform.resources
c:\users\anihy\source\repos\cmd_game_client\x64\debug\gameserver.exe
c:\users\anihy\source\repos\cmd_game_client\x64\debug\gameserver.pdb
c:\users\anihy\source\repos\cmd_game_client\gameserver\x64\debug\app.res
c:\users\anihy\source\repos\cmd_game_client\gameserver\x64\debug\gameserver.vcxproj.generateresource.cache
c:\users\anihy\source\repos\cmd_game_client\gameserver\x64\debug\gameserver.vcxprojassemblyreference.cache
c:\users\anihy\source\repos\cmd_game_client\gameserver\x64\debug\gameserver.tlog\cl.command.1.tlog
c:\users\anihy\source\repos\cmd_game_client\gameserver\x64\debug\gameserver.tlog\cl.read.1.tlog
c:\users\anihy\source\repos\cmd_game_client\gameserver\x64\debug\gameserver.tlog\cl.write.1.tlog
c:\users\anihy\source\repos\cmd_game_client\gameserver\x64\debug\gameserver.tlog\gameserver.write.1u.tlog
c:\users\anihy\source\repos\cmd_game_client\gameserver\x64\debug\gameserver.tlog\link.command.1.tlog
c:\users\anihy\source\repos\cmd_game_client\gameserver\x64\debug\gameserver.tlog\link.read.1.tlog
c:\users\anihy\source\repos\cmd_game_client\gameserver\x64\debug\gameserver.tlog\link.write.1.tlog
c:\users\anihy\source\repos\cmd_game_client\gameserver\x64\debug\gameserver.tlog\metagen.read.1.tlog
c:\users\anihy\source\repos\cmd_game_client\gameserver\x64\debug\gameserver.tlog\metagen.write.1.tlog
c:\users\anihy\source\repos\cmd_game_client\gameserver\x64\debug\gameserver.tlog\rc.command.1.tlog
c:\users\anihy\source\repos\cmd_game_client\gameserver\x64\debug\gameserver.tlog\rc.read.1.tlog
c:\users\anihy\source\repos\cmd_game_client\gameserver\x64\debug\gameserver.tlog\rc.write.1.tlog
