c:\users\user\source\repos\socket_game\gameclient\x64\debug\vc141.pdb
c:\users\user\source\repos\socket_game\gameclient\x64\debug\myform.obj
c:\users\user\source\repos\socket_game\gameclient\x64\debug\con_form.obj
c:\users\user\source\repos\socket_game\gameclient\x64\debug\.netframework,version=v4.6.1.assemblyattributes.obj
c:\users\user\source\repos\socket_game\gameclient\x64\debug\.netframework,version=v4.6.1.assemblyattributes.asm
c:\users\user\source\repos\socket_game\gameclient\x64\debug\gameclient.con_form.resources
c:\users\user\source\repos\socket_game\gameclient\x64\debug\gameclient.myform.resources
c:\users\user\source\repos\socket_game\x64\debug\gameclient.exe
c:\users\user\source\repos\socket_game\x64\debug\gameclient.pdb
c:\users\user\source\repos\socket_game\gameclient\x64\debug\app.res
c:\users\user\source\repos\socket_game\gameclient\x64\debug\gameclient.vcxproj.generateresource.cache
c:\users\user\source\repos\socket_game\gameclient\x64\debug\gameclient.vcxprojassemblyreference.cache
c:\users\user\source\repos\socket_game\gameclient\x64\debug\gameclient.tlog\cl.command.1.tlog
c:\users\user\source\repos\socket_game\gameclient\x64\debug\gameclient.tlog\cl.read.1.tlog
c:\users\user\source\repos\socket_game\gameclient\x64\debug\gameclient.tlog\cl.write.1.tlog
c:\users\user\source\repos\socket_game\gameclient\x64\debug\gameclient.tlog\gameclient.write.1u.tlog
c:\users\user\source\repos\socket_game\gameclient\x64\debug\gameclient.tlog\link.command.1.tlog
c:\users\user\source\repos\socket_game\gameclient\x64\debug\gameclient.tlog\link.read.1.tlog
c:\users\user\source\repos\socket_game\gameclient\x64\debug\gameclient.tlog\link.write.1.tlog
c:\users\user\source\repos\socket_game\gameclient\x64\debug\gameclient.tlog\metagen.read.1.tlog
c:\users\user\source\repos\socket_game\gameclient\x64\debug\gameclient.tlog\metagen.write.1.tlog
c:\users\user\source\repos\socket_game\gameclient\x64\debug\gameclient.tlog\rc.command.1.tlog
c:\users\user\source\repos\socket_game\gameclient\x64\debug\gameclient.tlog\rc.read.1.tlog
c:\users\user\source\repos\socket_game\gameclient\x64\debug\gameclient.tlog\rc.write.1.tlog
