c:\users\user\source\repos\gameserver\consoleapplication3\debug\vc141.pdb
c:\users\user\source\repos\gameserver\consoleapplication3\debug\myform.obj
c:\users\user\source\repos\gameserver\consoleapplication3\debug\.netframework,version=v4.6.1.assemblyattributes.obj
c:\users\user\source\repos\gameserver\consoleapplication3\debug\.netframework,version=v4.6.1.assemblyattributes.asm
c:\users\user\source\repos\gameserver\consoleapplication3\debug\consoleapplication3.myform.resources
c:\users\user\source\repos\gameserver\debug\gameserver.exe
c:\users\user\source\repos\gameserver\debug\gameserver.pdb
c:\users\user\source\repos\gameserver\consoleapplication3\debug\app.res
c:\users\user\source\repos\socket_game\gameserver\debug\consoleapplication3.vcxproj.generateresource.cache
c:\users\user\source\repos\socket_game\gameserver\debug\consoleapplication3.vcxprojassemblyreference.cache
c:\users\user\source\repos\socket_game\gameserver\debug\.netframework,version=v4.6.1.assemblyattributes.obj
c:\users\user\source\repos\socket_game\gameserver\debug\myform.obj
c:\users\user\source\repos\socket_game\gameserver\debug\consoleapplication3.myform.resources
c:\users\user\source\repos\socket_game\gameserver\debug\app.res
c:\users\user\source\repos\socket_game\gameserver\debug\vc141.pdb
c:\users\user\source\repos\socket_game\debug\gameserver.pdb
c:\users\user\source\repos\socket_game\debug\gameserver.exe
c:\users\user\source\repos\socket_game\gameserver\debug\gameserver.tlog\cl.command.1.tlog
c:\users\user\source\repos\socket_game\gameserver\debug\gameserver.tlog\cl.read.1.tlog
c:\users\user\source\repos\socket_game\gameserver\debug\gameserver.tlog\cl.write.1.tlog
c:\users\user\source\repos\socket_game\gameserver\debug\gameserver.tlog\gameserver.write.1u.tlog
c:\users\user\source\repos\socket_game\gameserver\debug\gameserver.tlog\link.command.1.tlog
c:\users\user\source\repos\socket_game\gameserver\debug\gameserver.tlog\link.read.1.tlog
c:\users\user\source\repos\socket_game\gameserver\debug\gameserver.tlog\link.write.1.tlog
c:\users\user\source\repos\socket_game\gameserver\debug\gameserver.tlog\metagen.read.1.tlog
c:\users\user\source\repos\socket_game\gameserver\debug\gameserver.tlog\metagen.write.1.tlog
c:\users\user\source\repos\socket_game\gameserver\debug\gameserver.tlog\rc.command.1.tlog
c:\users\user\source\repos\socket_game\gameserver\debug\gameserver.tlog\rc.read.1.tlog
c:\users\user\source\repos\socket_game\gameserver\debug\gameserver.tlog\rc.write.1.tlog
