c:\users\user\source\repos\socket_game\formattertext\debug\vc141.pdb
c:\users\user\source\repos\socket_game\formattertext\debug\formattertext.obj
c:\users\user\source\repos\socket_game\formattertext\debug\assemblyinfo.obj
c:\users\user\source\repos\socket_game\debug\formattertext.dll
c:\users\user\source\repos\socket_game\debug\formattertext.pdb
c:\users\user\source\repos\socket_game\formattertext\debug\app.res
c:\users\user\source\repos\socket_game\formattertext\debug\formattertext.vcxprojassemblyreference.cache
c:\users\user\source\repos\socket_game\formattertext\debug\.netframework,version=v4.6.1.assemblyattributes.obj
c:\users\user\source\repos\socket_game\formattertext\debug\stdafx.obj
c:\users\user\source\repos\socket_game\formattertext\debug\formattertext.pch
c:\users\user\source\repos\socket_game\formattertext\debug\formattertext.tlog\cl.command.1.tlog
c:\users\user\source\repos\socket_game\formattertext\debug\formattertext.tlog\cl.read.1.tlog
c:\users\user\source\repos\socket_game\formattertext\debug\formattertext.tlog\cl.write.1.tlog
c:\users\user\source\repos\socket_game\formattertext\debug\formattertext.tlog\link.command.1.tlog
c:\users\user\source\repos\socket_game\formattertext\debug\formattertext.tlog\link.read.1.tlog
c:\users\user\source\repos\socket_game\formattertext\debug\formattertext.tlog\link.write.1.tlog
c:\users\user\source\repos\socket_game\formattertext\debug\formattertext.tlog\metagen.read.1.tlog
c:\users\user\source\repos\socket_game\formattertext\debug\formattertext.tlog\metagen.write.1.tlog
c:\users\user\source\repos\socket_game\formattertext\debug\formattertext.tlog\rc.command.1.tlog
c:\users\user\source\repos\socket_game\formattertext\debug\formattertext.tlog\rc.read.1.tlog
c:\users\user\source\repos\socket_game\formattertext\debug\formattertext.tlog\rc.write.1.tlog
